#
# There is insufficient memory for the Java Runtime Environment to continue.
# Native memory allocation (mmap) failed to map 134217728 bytes. Error detail: G1 virtual space
# Possible reasons:
#   The system is out of physical RAM or swap space
#   This process is running with CompressedOops enabled, and the Java Heap may be blocking the growth of the native heap
# Possible solutions:
#   Reduce memory load on the system
#   Increase physical memory or swap space
#   Check if swap backing store is full
#   Decrease Java heap size (-Xmx/-Xms)
#   Decrease number of Java threads
#   Decrease Java thread stack sizes (-Xss)
#   Set larger code cache with -XX:ReservedCodeCacheSize=
#   JVM is running with Unscaled Compressed Oops mode in which the Java heap is
#     placed in the first 4GB address space. The Java Heap base address is the
#     maximum limit for the native heap growth. Please use -XX:HeapBaseMinAddress
#     to set the Java Heap base and to place the Java Heap above 4GB virtual address.
# This output file may be truncated or incomplete.
#
#  Out of Memory Error (os_windows.cpp:3616), pid=8912, tid=12640
#
# JRE version:  (21.0.4+7) (build )
# Java VM: OpenJDK 64-Bit Server VM (21.0.4+7-LTS, mixed mode, sharing, tiered, compressed oops, compressed class ptrs, g1 gc, windows-amd64)
# No core dump will be written. Minidumps are not enabled by default on client versions of Windows
#

---------------  S U M M A R Y ------------

Command Line: -Dfile.encoding=UTF-8 -Dstdout.encoding=UTF-8 -Dstderr.encoding=UTF-8 --module-path=D:\web_0900_sds\java\workspace\week03\bin -XX:+ShowCodeDetailsInExceptionMessages -Djdk.module.main=week03 week03/method.Ex08_23

Host: AMD Ryzen 5 2600 Six-Core Processor            , 12 cores, 7G,  Windows 10 , 64 bit Build 19041 (10.0.19041.5072)
Time: Sat Dec  7 22:35:03 2024  Windows 10 , 64 bit Build 19041 (10.0.19041.5072) elapsed time: 0.028822 seconds (0d 0h 0m 0s)

---------------  T H R E A D  ---------------

Current thread (0x00000240466eaf70):  JavaThread "Unknown thread" [_thread_in_vm, id=12640, stack(0x0000004605000000,0x0000004605100000) (1024K)]

Stack: [0x0000004605000000,0x0000004605100000]
Native frames: (J=compiled Java code, j=interpreted, Vv=VM code, C=native code)
V  [jvm.dll+0x6cbcf9]
V  [jvm.dll+0x8a5551]
V  [jvm.dll+0x8a7a7e]
V  [jvm.dll+0x8a8153]
V  [jvm.dll+0x27eca6]
V  [jvm.dll+0x6c8445]
V  [jvm.dll+0x6bd13a]
V  [jvm.dll+0x354a0a]
V  [jvm.dll+0x35c5b6]
V  [jvm.dll+0x3adf3e]
V  [jvm.dll+0x3ae1e8]
V  [jvm.dll+0x328bcc]
V  [jvm.dll+0x32972b]
V  [jvm.dll+0x86e7b9]
V  [jvm.dll+0x3bac91]
V  [jvm.dll+0x857973]
V  [jvm.dll+0x44f32e]
V  [jvm.dll+0x450f71]
C  [jli.dll+0x5278]
C  [ucrtbase.dll+0x21bb2]
C  [KERNEL32.DLL+0x17374]
C  [ntdll.dll+0x4cc91]


---------------  P R O C E S S  ---------------

Threads class SMR info:
_java_thread_list=0x00007ffe4b853088, length=0, elements={
}

Java Threads: ( => current thread )
Total: 0

Other Threads:
  0x0000024048a908a0 WorkerThread "GC Thread#0"                     [id=13924, stack(0x0000004605100000,0x0000004605200000) (1024K)]
  0x0000024048aa1e90 ConcurrentGCThread "G1 Main Marker"            [id=8128, stack(0x0000004605200000,0x0000004605300000) (1024K)]
  0x0000024048aa2b40 WorkerThread "G1 Conc#0"                       [id=3112, stack(0x0000004605300000,0x0000004605400000) (1024K)]

[error occurred during error reporting (printing all threads), id 0xc0000005, EXCEPTION_ACCESS_VIOLATION (0xc0000005) at pc=0x00007ffe4af5b4f7]
VM state: not at safepoint (not fully initialized)

VM Mutex/Monitor currently owned by a thread:  ([mutex/lock_event])
[0x00007ffe4b8c7408] Heap_lock - owner thread: 0x00000240466eaf70

Heap address: 0x0000000081000000, size: 2032 MB, Compressed Oops mode: 32-bit

CDS archive(s) mapped at: [0x0000000000000000-0x0000000000000000-0x0000000000000000), size 0, SharedBaseAddress: 0x0000000800000000, ArchiveRelocationMode: 1.
Narrow klass base: 0x0000000000000000, Narrow klass shift: 0, Narrow klass range: 0x0

GC Precious Log:
 CardTable entry size: 512
 Card Set container configuration: InlinePtr #cards 5 size 8 Array Of Cards #cards 12 size 40 Howl #buckets 4 coarsen threshold 1843 Howl Bitmap #cards 512 size 80 coarsen threshold 460 Card regions per heap region 1 cards per card region 2048

Heap:
 garbage-first heap   total 0K, used 0K [0x0000000081000000, 0x0000000100000000)
  region size 1024K, 0 young (0K), 0 survivors (0K)

[error occurred during error reporting (printing heap information), id 0xc0000005, EXCEPTION_ACCESS_VIOLATION (0xc0000005) at pc=0x00007ffe4b345669]
GC Heap History (0 events):
No events

Dll operation events (1 events):
Event: 0.021 Loaded shared library D:\web_0900_sds\java_1\resource\eclipse\plugins\org.eclipse.justj.openjdk.hotspot.jre.full.win32.x86_64_21.0.4.v20240802-1551\jre\bin\java.dll

Deoptimization events (0 events):
No events

Classes loaded (0 events):
No events

Classes unloaded (0 events):
No events

Classes redefined (0 events):
No events

Internal exceptions (0 events):
No events

ZGC Phase Switch (0 events):
No events

VM Operations (0 events):
No events

Memory protections (0 events):
No events

Nmethod flushes (0 events):
No events

Events (0 events):
No events


Dynamic libraries:
0x00007ff62fbd0000 - 0x00007ff62fbde000 	D:\web_0900_sds\java_1\resource\eclipse\plugins\org.eclipse.justj.openjdk.hotspot.jre.full.win32.x86_64_21.0.4.v20240802-1551\jre\bin\javaw.exe
0x00007ffeacf70000 - 0x00007ffead168000 	C:\WINDOWS\SYSTEM32\ntdll.dll
0x00007ffeace60000 - 0x00007ffeacf22000 	C:\WINDOWS\System32\KERNEL32.DLL
0x00007ffeaac90000 - 0x00007ffeaaf8e000 	C:\WINDOWS\System32\KERNELBASE.dll
0x00007ffeaa610000 - 0x00007ffeaa710000 	C:\WINDOWS\System32\ucrtbase.dll
0x00007ffea7310000 - 0x00007ffea7328000 	D:\web_0900_sds\java_1\resource\eclipse\plugins\org.eclipse.justj.openjdk.hotspot.jre.full.win32.x86_64_21.0.4.v20240802-1551\jre\bin\jli.dll
0x00007ffea5b50000 - 0x00007ffea5b6b000 	D:\web_0900_sds\java_1\resource\eclipse\plugins\org.eclipse.justj.openjdk.hotspot.jre.full.win32.x86_64_21.0.4.v20240802-1551\jre\bin\VCRUNTIME140.dll
0x00007ffeab920000 - 0x00007ffeababd000 	C:\WINDOWS\System32\USER32.dll
0x00007ffeaa8b0000 - 0x00007ffeaa8d2000 	C:\WINDOWS\System32\win32u.dll
0x00007ffeab000000 - 0x00007ffeab02b000 	C:\WINDOWS\System32\GDI32.dll
0x00007ffeaab70000 - 0x00007ffeaac87000 	C:\WINDOWS\System32\gdi32full.dll
0x00007ffeaa810000 - 0x00007ffeaa8ad000 	C:\WINDOWS\System32\msvcp_win.dll
0x00007ffe95030000 - 0x00007ffe952ca000 	C:\WINDOWS\WinSxS\amd64_microsoft.windows.common-controls_6595b64144ccf1df_6.0.19041.4355_none_60b8b9eb71f62e16\COMCTL32.dll
0x00007ffeabac0000 - 0x00007ffeabb5e000 	C:\WINDOWS\System32\msvcrt.dll
0x00007ffeabbd0000 - 0x00007ffeabbff000 	C:\WINDOWS\System32\IMM32.DLL
0x00007ffea7240000 - 0x00007ffea724c000 	D:\web_0900_sds\java_1\resource\eclipse\plugins\org.eclipse.justj.openjdk.hotspot.jre.full.win32.x86_64_21.0.4.v20240802-1551\jre\bin\vcruntime140_1.dll
0x00007ffe919d0000 - 0x00007ffe91a5e000 	D:\web_0900_sds\java_1\resource\eclipse\plugins\org.eclipse.justj.openjdk.hotspot.jre.full.win32.x86_64_21.0.4.v20240802-1551\jre\bin\msvcp140.dll
0x00007ffe4ac20000 - 0x00007ffe4b9a8000 	D:\web_0900_sds\java_1\resource\eclipse\plugins\org.eclipse.justj.openjdk.hotspot.jre.full.win32.x86_64_21.0.4.v20240802-1551\jre\bin\server\jvm.dll
0x00007ffeac1a0000 - 0x00007ffeac251000 	C:\WINDOWS\System32\ADVAPI32.dll
0x00007ffeab6d0000 - 0x00007ffeab76f000 	C:\WINDOWS\System32\sechost.dll
0x00007ffeab030000 - 0x00007ffeab153000 	C:\WINDOWS\System32\RPCRT4.dll
0x00007ffeaaaf0000 - 0x00007ffeaab17000 	C:\WINDOWS\System32\bcrypt.dll
0x00007ffeabb60000 - 0x00007ffeabbcb000 	C:\WINDOWS\System32\WS2_32.dll
0x00007ffea9ba0000 - 0x00007ffea9beb000 	C:\WINDOWS\SYSTEM32\POWRPROF.dll
0x00007ffea0670000 - 0x00007ffea0697000 	C:\WINDOWS\SYSTEM32\WINMM.dll
0x00007ffea7710000 - 0x00007ffea771a000 	C:\WINDOWS\SYSTEM32\VERSION.dll
0x00007ffea9a10000 - 0x00007ffea9a22000 	C:\WINDOWS\SYSTEM32\UMPDC.dll
0x00007ffea84b0000 - 0x00007ffea84c2000 	C:\WINDOWS\SYSTEM32\kernel.appcore.dll
0x00007ffea31d0000 - 0x00007ffea31da000 	D:\web_0900_sds\java_1\resource\eclipse\plugins\org.eclipse.justj.openjdk.hotspot.jre.full.win32.x86_64_21.0.4.v20240802-1551\jre\bin\jimage.dll
0x00007ffe9dcb0000 - 0x00007ffe9de94000 	C:\WINDOWS\SYSTEM32\DBGHELP.DLL
0x00007ffe8d700000 - 0x00007ffe8d734000 	C:\WINDOWS\SYSTEM32\dbgcore.DLL
0x00007ffeaa710000 - 0x00007ffeaa792000 	C:\WINDOWS\System32\bcryptPrimitives.dll
0x00007ffea2b00000 - 0x00007ffea2b1f000 	D:\web_0900_sds\java_1\resource\eclipse\plugins\org.eclipse.justj.openjdk.hotspot.jre.full.win32.x86_64_21.0.4.v20240802-1551\jre\bin\java.dll

dbghelp: loaded successfully - version: 4.0.5 - missing functions: none
symbol engine: initialized successfully - sym options: 0x614 - pdb path: .;D:\web_0900_sds\java_1\resource\eclipse\plugins\org.eclipse.justj.openjdk.hotspot.jre.full.win32.x86_64_21.0.4.v20240802-1551\jre\bin;C:\WINDOWS\SYSTEM32;C:\WINDOWS\WinSxS\amd64_microsoft.windows.common-controls_6595b64144ccf1df_6.0.19041.4355_none_60b8b9eb71f62e16;D:\web_0900_sds\java_1\resource\eclipse\plugins\org.eclipse.justj.openjdk.hotspot.jre.full.win32.x86_64_21.0.4.v20240802-1551\jre\bin\server

VM Arguments:
jvm_args: -Dfile.encoding=UTF-8 -Dstdout.encoding=UTF-8 -Dstderr.encoding=UTF-8 --module-path=D:\web_0900_sds\java\workspace\week03\bin -XX:+ShowCodeDetailsInExceptionMessages -Djdk.module.main=week03 
java_command: week03/method.Ex08_23
java_class_path (initial): <not set>
Launcher Type: SUN_STANDARD

[Global flags]
     intx CICompilerCount                          = 4                                         {product} {ergonomic}
     uint ConcGCThreads                            = 3                                         {product} {ergonomic}
     uint G1ConcRefinementThreads                  = 10                                        {product} {ergonomic}
   size_t G1HeapRegionSize                         = 1048576                                   {product} {ergonomic}
    uintx GCDrainStackTargetSize                   = 64                                        {product} {ergonomic}
   size_t InitialHeapSize                          = 134217728                                 {product} {ergonomic}
   size_t MarkStackSize                            = 4194304                                   {product} {ergonomic}
   size_t MaxHeapSize                              = 2130706432                                {product} {ergonomic}
   size_t MinHeapDeltaBytes                        = 1048576                                   {product} {ergonomic}
   size_t MinHeapSize                              = 8388608                                   {product} {ergonomic}
    uintx NonNMethodCodeHeapSize                   = 5839372                                {pd product} {ergonomic}
    uintx NonProfiledCodeHeapSize                  = 122909434                              {pd product} {ergonomic}
    uintx ProfiledCodeHeapSize                     = 122909434                              {pd product} {ergonomic}
    uintx ReservedCodeCacheSize                    = 251658240                              {pd product} {ergonomic}
     bool SegmentedCodeCache                       = true                                      {product} {ergonomic}
     bool ShowCodeDetailsInExceptionMessages       = true                                   {manageable} {command line}
   size_t SoftMaxHeapSize                          = 2130706432                             {manageable} {ergonomic}
     bool UseCompressedOops                        = true                           {product lp64_product} {ergonomic}
     bool UseG1GC                                  = true                                      {product} {ergonomic}
     bool UseLargePagesIndividualAllocation        = false                                  {pd product} {ergonomic}

Logging:
Log output configuration:
 #0: stdout all=warning uptime,level,tags foldmultilines=false
 #1: stderr all=off uptime,level,tags foldmultilines=false

Environment Variables:
PATH=D:/web_0900_sds/java_1/resource/eclipse//plugins/org.eclipse.justj.openjdk.hotspot.jre.full.win32.x86_64_21.0.4.v20240802-1551/jre/bin/server;D:/web_0900_sds/java_1/resource/eclipse//plugins/org.eclipse.justj.openjdk.hotspot.jre.full.win32.x86_64_21.0.4.v20240802-1551/jre/bin;C:\Program Files\Common Files\Oracle\Java\javapath;C:\WINDOWS\system32;C:\WINDOWS;C:\WINDOWS\System32\Wbem;C:\WINDOWS\System32\WindowsPowerShell\v1.0\;C:\WINDOWS\System32\OpenSSH\;C:\Program Files\Git\cmd;C:\Program Files\Bandizip\;C:\Users\ehdtj\AppData\Local\Microsoft\WindowsApps;;C:\Users\ehdtj\AppData\Local\afreeca;C:\Users\ehdtj\AppData\Local\SOOP;D:\web_0900_sds\java_1\resource\eclipse;
USERNAME=ehdtjr19960409
TMPDIR=C:\Users\Public\Documents\ESTsoft\CreatorTemp
OS=Windows_NT
PROCESSOR_IDENTIFIER=AMD64 Family 23 Model 8 Stepping 2, AuthenticAMD
TMP=C:\Users\ehdtj\AppData\Local\Temp
TEMP=C:\Users\ehdtj\AppData\Local\Temp




Periodic native trim disabled

---------------  S Y S T E M  ---------------

OS:
 Windows 10 , 64 bit Build 19041 (10.0.19041.5072)
OS uptime: 0 days 5:28 hours

CPU: total 12 (initial active 12) (12 cores per cpu, 2 threads per core) family 23 model 8 stepping 2 microcode 0x0, cx8, cmov, fxsr, ht, mmx, 3dnowpref, sse, sse2, sse3, ssse3, sse4a, sse4.1, sse4.2, popcnt, lzcnt, tsc, tscinvbit, avx, avx2, aes, clmul, bmi1, bmi2, adx, sha, fma, vzeroupper, clflush, clflushopt, rdtscp, f16c
Processor Information for all 12 processors :
  Max Mhz: 3400, Current Mhz: 3400, Mhz Limit: 3400

Memory: 4k page, system-wide physical 8123M (839M free)
TotalPageFile size 8123M (AvailPageFile size 7M)
current process WorkingSet (physical memory assigned to process): 10M, peak: 10M
current process commit charge ("private bytes"): 64M, peak: 192M

vm_info: OpenJDK 64-Bit Server VM (21.0.4+7-LTS) for windows-amd64 JRE (21.0.4+7-LTS), built on 2024-07-16T00:00:00Z by "admin" with MS VC++ 17.7 (VS2022)

END.
